[0.015s] Invoking command in '/home/julian/dev_ws/build/my_package': CMAKE_PREFIX_PATH=${CMAKE_PREFIX_PATH}:/opt/ros/foxy /usr/bin/cmake --build /home/julian/dev_ws/build/my_package -- -j4 -l4
[0.040s] -- Found ament_cmake: 0.9.12 (/opt/ros/foxy/share/ament_cmake/cmake)
[0.061s] -- Using PYTHON_EXECUTABLE: /usr/bin/python3
[0.230s] -- Override CMake install command with custom implementation using symlinks instead of copying resources
[0.239s] -- Found ament_lint_auto: 0.9.8 (/opt/ros/foxy/share/ament_lint_auto/cmake)
[0.309s] -- Added test 'copyright' to check source files copyright and LICENSE
[0.317s] -- Added test 'flake8' to check Python code syntax and style conventions
[0.318s] -- Added test 'lint_cmake' to check CMake code style
[0.319s] -- Added test 'pep257' to check Python code against some of the style conventions in PEP 257
[0.323s] -- Added test 'xmllint' to check XML markup files
[0.325s] -- Configuring done
[0.328s] -- Generating done
[0.329s] -- Build files have been written to: /home/julian/dev_ws/build/my_package
[0.354s] Invoked command in '/home/julian/dev_ws/build/my_package' returned '0': CMAKE_PREFIX_PATH=${CMAKE_PREFIX_PATH}:/opt/ros/foxy /usr/bin/cmake --build /home/julian/dev_ws/build/my_package -- -j4 -l4
[0.427s] Invoking command in '/home/julian/dev_ws/build/my_package': CMAKE_PREFIX_PATH=${CMAKE_PREFIX_PATH}:/opt/ros/foxy /usr/bin/cmake --install /home/julian/dev_ws/build/my_package
[0.441s] -- Install configuration: ""
[0.441s] -- Execute custom install script
[0.443s] -- Symlinking: /home/julian/dev_ws/install/my_package/share/my_package/launch/listener.launch.py
[0.459s] -- Symlinking: /home/julian/dev_ws/install/my_package/share/my_package/launch/talker.launch.py
[0.470s] -- Up-to-date symlink: /home/julian/dev_ws/install/my_package/share/ament_index/resource_index/package_run_dependencies/my_package
[0.470s] -- Up-to-date symlink: /home/julian/dev_ws/install/my_package/share/ament_index/resource_index/parent_prefix_path/my_package
[0.471s] -- Up-to-date symlink: /home/julian/dev_ws/install/my_package/share/my_package/environment/ament_prefix_path.sh
[0.471s] -- Up-to-date symlink: /home/julian/dev_ws/install/my_package/share/my_package/environment/ament_prefix_path.dsv
[0.471s] -- Up-to-date symlink: /home/julian/dev_ws/install/my_package/share/my_package/environment/path.sh
[0.472s] -- Up-to-date symlink: /home/julian/dev_ws/install/my_package/share/my_package/environment/path.dsv
[0.472s] -- Up-to-date symlink: /home/julian/dev_ws/install/my_package/share/my_package/local_setup.bash
[0.473s] -- Up-to-date symlink: /home/julian/dev_ws/install/my_package/share/my_package/local_setup.sh
[0.474s] -- Up-to-date symlink: /home/julian/dev_ws/install/my_package/share/my_package/local_setup.zsh
[0.474s] -- Up-to-date symlink: /home/julian/dev_ws/install/my_package/share/my_package/local_setup.dsv
[0.474s] -- Symlinking: /home/julian/dev_ws/install/my_package/share/my_package/package.dsv
[0.484s] -- Up-to-date symlink: /home/julian/dev_ws/install/my_package/share/ament_index/resource_index/packages/my_package
[0.485s] -- Up-to-date symlink: /home/julian/dev_ws/install/my_package/share/my_package/cmake/my_packageConfig.cmake
[0.485s] -- Up-to-date symlink: /home/julian/dev_ws/install/my_package/share/my_package/cmake/my_packageConfig-version.cmake
[0.486s] -- Up-to-date symlink: /home/julian/dev_ws/install/my_package/share/my_package/package.xml
[0.489s] Invoked command in '/home/julian/dev_ws/build/my_package' returned '0': CMAKE_PREFIX_PATH=${CMAKE_PREFIX_PATH}:/opt/ros/foxy /usr/bin/cmake --install /home/julian/dev_ws/build/my_package
