[0.010s] Invoking command in '/home/julian/dev_ws/build/my_package': CMAKE_PREFIX_PATH=/opt/ros/foxy /usr/bin/cmake /home/julian/dev_ws/src/my_package -DAMENT_CMAKE_SYMLINK_INSTALL=1 -DCMAKE_INSTALL_PREFIX=/home/julian/dev_ws/install/my_package
[0.407s] -- The C compiler identification is GNU 9.4.0
[0.709s] -- The CXX compiler identification is GNU 9.4.0
[0.719s] -- Check for working C compiler: /usr/bin/cc
[0.792s] -- Check for working C compiler: /usr/bin/cc -- works
[0.794s] -- Detecting C compiler ABI info
[0.865s] -- Detecting C compiler ABI info - done
[0.882s] -- Detecting C compile features
[0.882s] -- Detecting C compile features - done
[0.886s] -- Check for working CXX compiler: /usr/bin/c++
[0.968s] -- Check for working CXX compiler: /usr/bin/c++ -- works
[0.969s] -- Detecting CXX compiler ABI info
[1.053s] -- Detecting CXX compiler ABI info - done
[1.067s] -- Detecting CXX compile features
[1.068s] -- Detecting CXX compile features - done
[1.081s] -- Found ament_cmake: 0.9.12 (/opt/ros/foxy/share/ament_cmake/cmake)
[1.136s] -- Found PythonInterp: /usr/bin/python3 (found suitable version "3.8.10", minimum required is "3") 
[1.137s] -- Using PYTHON_EXECUTABLE: /usr/bin/python3
[1.327s] -- Override CMake install command with custom implementation using symlinks instead of copying resources
[1.422s] -- Found ament_lint_auto: 0.9.8 (/opt/ros/foxy/share/ament_lint_auto/cmake)
[1.544s] -- Added test 'copyright' to check source files copyright and LICENSE
[1.550s] -- Added test 'flake8' to check Python code syntax and style conventions
[1.551s] -- Added test 'lint_cmake' to check CMake code style
[1.553s] -- Added test 'pep257' to check Python code against some of the style conventions in PEP 257
[1.555s] -- Added test 'xmllint' to check XML markup files
[1.560s] -- Configuring done
[1.563s] -- Generating done
[1.565s] -- Build files have been written to: /home/julian/dev_ws/build/my_package
[1.570s] Invoked command in '/home/julian/dev_ws/build/my_package' returned '0': CMAKE_PREFIX_PATH=/opt/ros/foxy /usr/bin/cmake /home/julian/dev_ws/src/my_package -DAMENT_CMAKE_SYMLINK_INSTALL=1 -DCMAKE_INSTALL_PREFIX=/home/julian/dev_ws/install/my_package
[1.572s] Invoking command in '/home/julian/dev_ws/build/my_package': CMAKE_PREFIX_PATH=/opt/ros/foxy /usr/bin/cmake --build /home/julian/dev_ws/build/my_package -- -j4 -l4
[1.613s] Invoked command in '/home/julian/dev_ws/build/my_package' returned '0': CMAKE_PREFIX_PATH=/opt/ros/foxy /usr/bin/cmake --build /home/julian/dev_ws/build/my_package -- -j4 -l4
[1.648s] Invoking command in '/home/julian/dev_ws/build/my_package': CMAKE_PREFIX_PATH=/opt/ros/foxy /usr/bin/cmake --install /home/julian/dev_ws/build/my_package
[1.656s] -- Install configuration: ""
[1.657s] -- Execute custom install script
[1.658s] -- Symlinking: /home/julian/dev_ws/install/my_package/shaer/my_package/launch/listener.launch.py
[1.667s] -- Symlinking: /home/julian/dev_ws/install/my_package/shaer/my_package/launch/talker.launch.py
[1.677s] -- Symlinking: /home/julian/dev_ws/install/my_package/share/ament_index/resource_index/package_run_dependencies/my_package
[1.686s] -- Symlinking: /home/julian/dev_ws/install/my_package/share/ament_index/resource_index/parent_prefix_path/my_package
[1.696s] -- Symlinking: /home/julian/dev_ws/install/my_package/share/my_package/environment/ament_prefix_path.sh
[1.705s] -- Symlinking: /home/julian/dev_ws/install/my_package/share/my_package/environment/ament_prefix_path.dsv
[1.714s] -- Symlinking: /home/julian/dev_ws/install/my_package/share/my_package/environment/path.sh
[1.724s] -- Symlinking: /home/julian/dev_ws/install/my_package/share/my_package/environment/path.dsv
[1.733s] -- Symlinking: /home/julian/dev_ws/install/my_package/share/my_package/local_setup.bash
[1.743s] -- Symlinking: /home/julian/dev_ws/install/my_package/share/my_package/local_setup.sh
[1.752s] -- Symlinking: /home/julian/dev_ws/install/my_package/share/my_package/local_setup.zsh
[1.762s] -- Symlinking: /home/julian/dev_ws/install/my_package/share/my_package/local_setup.dsv
[1.771s] -- Symlinking: /home/julian/dev_ws/install/my_package/share/my_package/package.dsv
[1.781s] -- Symlinking: /home/julian/dev_ws/install/my_package/share/ament_index/resource_index/packages/my_package
[1.790s] -- Symlinking: /home/julian/dev_ws/install/my_package/share/my_package/cmake/my_packageConfig.cmake
[1.799s] -- Symlinking: /home/julian/dev_ws/install/my_package/share/my_package/cmake/my_packageConfig-version.cmake
[1.809s] -- Symlinking: /home/julian/dev_ws/install/my_package/share/my_package/package.xml
[1.821s] Invoked command in '/home/julian/dev_ws/build/my_package' returned '0': CMAKE_PREFIX_PATH=/opt/ros/foxy /usr/bin/cmake --install /home/julian/dev_ws/build/my_package
